\BOOKMARK [0][-]{chapter.1}{\376\377\0001\000\040\000C\000l\000a\000s\000s\000\040\000I\000n\000d\000e\000x}{}% 1
\BOOKMARK [1][-]{section.1.1}{\376\377\0001\000.\0001\000\040\000C\000l\000a\000s\000s\000\040\000L\000i\000s\000t}{chapter.1}% 2
\BOOKMARK [0][-]{chapter.2}{\376\377\0002\000\040\000F\000i\000l\000e\000\040\000I\000n\000d\000e\000x}{}% 3
\BOOKMARK [1][-]{section.2.1}{\376\377\0002\000.\0001\000\040\000F\000i\000l\000e\000\040\000L\000i\000s\000t}{chapter.2}% 4
\BOOKMARK [0][-]{chapter.3}{\376\377\0003\000\040\000C\000l\000a\000s\000s\000\040\000D\000o\000c\000u\000m\000e\000n\000t\000a\000t\000i\000o\000n}{}% 5
\BOOKMARK [1][-]{section.3.1}{\376\377\0003\000.\0001\000\040\000A\000d\000j\000a\000c\000e\000n\000t\000e\000\040\000S\000t\000r\000u\000c\000t\000\040\000R\000e\000f\000e\000r\000e\000n\000c\000e}{chapter.3}% 6
\BOOKMARK [2][-]{subsection.3.1.1}{\376\377\0003\000.\0001\000.\0001\000\040\000M\000e\000m\000b\000e\000r\000\040\000D\000a\000t\000a\000\040\000D\000o\000c\000u\000m\000e\000n\000t\000a\000t\000i\000o\000n}{section.3.1}% 7
\BOOKMARK [3][-]{subsubsection.3.1.1.1}{\376\377\0003\000.\0001\000.\0001\000.\0001\000\040\000d\000i\000s\000t\000a\000n\000c\000i\000a}{subsection.3.1.1}% 8
\BOOKMARK [3][-]{subsubsection.3.1.1.2}{\376\377\0003\000.\0001\000.\0001\000.\0002\000\040\000i\000d\000v\000e\000r\000t\000i\000c\000e}{subsection.3.1.1}% 9
\BOOKMARK [3][-]{subsubsection.3.1.1.3}{\376\377\0003\000.\0001\000.\0001\000.\0003\000\040\000p\000r\000o\000x\000i\000m\000o}{subsection.3.1.1}% 10
\BOOKMARK [1][-]{section.3.2}{\376\377\0003\000.\0002\000\040\000A\000d\000j\000a\000c\000e\000n\000t\000e\000F\000i\000l\000e\000\040\000S\000t\000r\000u\000c\000t\000\040\000R\000e\000f\000e\000r\000e\000n\000c\000e}{chapter.3}% 11
\BOOKMARK [2][-]{subsection.3.2.1}{\376\377\0003\000.\0002\000.\0001\000\040\000M\000e\000m\000b\000e\000r\000\040\000D\000a\000t\000a\000\040\000D\000o\000c\000u\000m\000e\000n\000t\000a\000t\000i\000o\000n}{section.3.2}% 12
\BOOKMARK [3][-]{subsubsection.3.2.1.1}{\376\377\0003\000.\0002\000.\0001\000.\0001\000\040\000d\000i\000s\000t\000a\000n\000c\000i\000a}{subsection.3.2.1}% 13
\BOOKMARK [3][-]{subsubsection.3.2.1.2}{\376\377\0003\000.\0002\000.\0001\000.\0002\000\040\000i\000d\000v\000e\000r\000t\000i\000c\000e}{subsection.3.2.1}% 14
\BOOKMARK [1][-]{section.3.3}{\376\377\0003\000.\0003\000\040\000A\000l\000u\000g\000u\000e\000r\000\040\000S\000t\000r\000u\000c\000t\000\040\000R\000e\000f\000e\000r\000e\000n\000c\000e}{chapter.3}% 15
\BOOKMARK [2][-]{subsection.3.3.1}{\376\377\0003\000.\0003\000.\0001\000\040\000M\000e\000m\000b\000e\000r\000\040\000D\000a\000t\000a\000\040\000D\000o\000c\000u\000m\000e\000n\000t\000a\000t\000i\000o\000n}{section.3.3}% 16
\BOOKMARK [3][-]{subsubsection.3.3.1.1}{\376\377\0003\000.\0003\000.\0001\000.\0001\000\040\000d\000a\000t\000a}{subsection.3.3.1}% 17
\BOOKMARK [3][-]{subsubsection.3.3.1.2}{\376\377\0003\000.\0003\000.\0001\000.\0002\000\040\000d\000e\000s\000t\000i\000n\000o}{subsection.3.3.1}% 18
\BOOKMARK [3][-]{subsubsection.3.3.1.3}{\376\377\0003\000.\0003\000.\0001\000.\0003\000\040\000d\000i\000s\000t\000a\000n\000c\000i\000a}{subsection.3.3.1}% 19
\BOOKMARK [3][-]{subsubsection.3.3.1.4}{\376\377\0003\000.\0003\000.\0001\000.\0004\000\040\000i\000d}{subsection.3.3.1}% 20
\BOOKMARK [3][-]{subsubsection.3.3.1.5}{\376\377\0003\000.\0003\000.\0001\000.\0005\000\040\000i\000d\000m\000e\000i\000o}{subsection.3.3.1}% 21
\BOOKMARK [3][-]{subsubsection.3.3.1.6}{\376\377\0003\000.\0003\000.\0001\000.\0006\000\040\000n\000i\000f\000c\000l\000i\000e\000n\000t\000e}{subsection.3.3.1}% 22
\BOOKMARK [3][-]{subsubsection.3.3.1.7}{\376\377\0003\000.\0003\000.\0001\000.\0007\000\040\000o\000r\000i\000g\000e\000m}{subsection.3.3.1}% 23
\BOOKMARK [3][-]{subsubsection.3.3.1.8}{\376\377\0003\000.\0003\000.\0001\000.\0008\000\040\000p\000r\000e\000c\000o}{subsection.3.3.1}% 24
\BOOKMARK [1][-]{section.3.4}{\376\377\0003\000.\0004\000\040\000A\000l\000u\000g\000u\000e\000r\000L\000i\000s\000t\000a\000\040\000S\000t\000r\000u\000c\000t\000\040\000R\000e\000f\000e\000r\000e\000n\000c\000e}{chapter.3}% 25
\BOOKMARK [2][-]{subsection.3.4.1}{\376\377\0003\000.\0004\000.\0001\000\040\000M\000e\000m\000b\000e\000r\000\040\000D\000a\000t\000a\000\040\000D\000o\000c\000u\000m\000e\000n\000t\000a\000t\000i\000o\000n}{section.3.4}% 26
\BOOKMARK [3][-]{subsubsection.3.4.1.1}{\376\377\0003\000.\0004\000.\0001\000.\0001\000\040\000a\000l\000u\000g\000u\000e\000r}{subsection.3.4.1}% 27
\BOOKMARK [3][-]{subsubsection.3.4.1.2}{\376\377\0003\000.\0004\000.\0001\000.\0002\000\040\000p\000r\000o\000x\000a\000l\000u\000g\000u\000e\000r}{subsection.3.4.1}% 28
\BOOKMARK [1][-]{section.3.5}{\376\377\0003\000.\0005\000\040\000C\000a\000m\000i\000a\000o\000\040\000S\000t\000r\000u\000c\000t\000\040\000R\000e\000f\000e\000r\000e\000n\000c\000e}{chapter.3}% 29
\BOOKMARK [2][-]{subsection.3.5.1}{\376\377\0003\000.\0005\000.\0001\000\040\000M\000e\000m\000b\000e\000r\000\040\000D\000a\000t\000a\000\040\000D\000o\000c\000u\000m\000e\000n\000t\000a\000t\000i\000o\000n}{section.3.5}% 30
\BOOKMARK [3][-]{subsubsection.3.5.1.1}{\376\377\0003\000.\0005\000.\0001\000.\0001\000\040\000a\000u\000t\000o\000n\000o\000m\000i\000a}{subsection.3.5.1}% 31
\BOOKMARK [3][-]{subsubsection.3.5.1.2}{\376\377\0003\000.\0005\000.\0001\000.\0002\000\040\000c\000a\000p\000a\000c\000i\000d\000a\000d\000e}{subsection.3.5.1}% 32
\BOOKMARK [1][-]{section.3.6}{\376\377\0003\000.\0006\000\040\000C\000l\000i\000e\000n\000t\000e\000\040\000S\000t\000r\000u\000c\000t\000\040\000R\000e\000f\000e\000r\000e\000n\000c\000e}{chapter.3}% 33
\BOOKMARK [2][-]{subsection.3.6.1}{\376\377\0003\000.\0006\000.\0001\000\040\000M\000e\000m\000b\000e\000r\000\040\000D\000a\000t\000a\000\040\000D\000o\000c\000u\000m\000e\000n\000t\000a\000t\000i\000o\000n}{section.3.6}% 34
\BOOKMARK [3][-]{subsubsection.3.6.1.1}{\376\377\0003\000.\0006\000.\0001\000.\0001\000\040\000e\000n\000d\000e\000r\000e\000c\000o}{subsection.3.6.1}% 35
\BOOKMARK [3][-]{subsubsection.3.6.1.2}{\376\377\0003\000.\0006\000.\0001\000.\0002\000\040\000g\000e\000o\000c\000o\000d\000i\000g\000o}{subsection.3.6.1}% 36
\BOOKMARK [3][-]{subsubsection.3.6.1.3}{\376\377\0003\000.\0006\000.\0001\000.\0003\000\040\000l\000o\000c\000a\000l\000i\000z\000a\000c\000a\000o}{subsection.3.6.1}% 37
\BOOKMARK [3][-]{subsubsection.3.6.1.4}{\376\377\0003\000.\0006\000.\0001\000.\0004\000\040\000n\000i\000f}{subsection.3.6.1}% 38
\BOOKMARK [3][-]{subsubsection.3.6.1.5}{\376\377\0003\000.\0006\000.\0001\000.\0005\000\040\000n\000o\000m\000e}{subsection.3.6.1}% 39
\BOOKMARK [3][-]{subsubsection.3.6.1.6}{\376\377\0003\000.\0006\000.\0001\000.\0006\000\040\000s\000a\000l\000d\000o}{subsection.3.6.1}% 40
\BOOKMARK [1][-]{section.3.7}{\376\377\0003\000.\0007\000\040\000C\000l\000i\000e\000n\000t\000e\000L\000i\000s\000t\000a\000\040\000S\000t\000r\000u\000c\000t\000\040\000R\000e\000f\000e\000r\000e\000n\000c\000e}{chapter.3}% 41
\BOOKMARK [2][-]{subsection.3.7.1}{\376\377\0003\000.\0007\000.\0001\000\040\000M\000e\000m\000b\000e\000r\000\040\000D\000a\000t\000a\000\040\000D\000o\000c\000u\000m\000e\000n\000t\000a\000t\000i\000o\000n}{section.3.7}% 42
\BOOKMARK [3][-]{subsubsection.3.7.1.1}{\376\377\0003\000.\0007\000.\0001\000.\0001\000\040\000c\000l\000i\000e\000n\000t\000e}{subsection.3.7.1}% 43
\BOOKMARK [3][-]{subsubsection.3.7.1.2}{\376\377\0003\000.\0007\000.\0001\000.\0002\000\040\000p\000r\000o\000x\000c\000l\000i\000e\000n\000t\000e\000l\000i\000s\000t\000a}{subsection.3.7.1}% 44
\BOOKMARK [1][-]{section.3.8}{\376\377\0003\000.\0008\000\040\000F\000i\000l\000a\000\040\000S\000t\000r\000u\000c\000t\000\040\000R\000e\000f\000e\000r\000e\000n\000c\000e}{chapter.3}% 45
\BOOKMARK [2][-]{subsection.3.8.1}{\376\377\0003\000.\0008\000.\0001\000\040\000M\000e\000m\000b\000e\000r\000\040\000D\000a\000t\000a\000\040\000D\000o\000c\000u\000m\000e\000n\000t\000a\000t\000i\000o\000n}{section.3.8}% 46
\BOOKMARK [3][-]{subsubsection.3.8.1.1}{\376\377\0003\000.\0008\000.\0001\000.\0001\000\040\000a\000n\000t\000e\000r\000i\000o\000r}{subsection.3.8.1}% 47
\BOOKMARK [3][-]{subsubsection.3.8.1.2}{\376\377\0003\000.\0008\000.\0001\000.\0002\000\040\000p\000r\000o\000x\000i\000m\000o}{subsection.3.8.1}% 48
\BOOKMARK [1][-]{section.3.9}{\376\377\0003\000.\0009\000\040\000M\000e\000i\000o\000M\000o\000b\000i\000l\000i\000d\000a\000d\000e\000\040\000S\000t\000r\000u\000c\000t\000\040\000R\000e\000f\000e\000r\000e\000n\000c\000e}{chapter.3}% 49
\BOOKMARK [2][-]{subsection.3.9.1}{\376\377\0003\000.\0009\000.\0001\000\040\000M\000e\000m\000b\000e\000r\000\040\000D\000a\000t\000a\000\040\000D\000o\000c\000u\000m\000e\000n\000t\000a\000t\000i\000o\000n}{section.3.9}% 50
\BOOKMARK [3][-]{subsubsection.3.9.1.1}{\376\377\0003\000.\0009\000.\0001\000.\0001\000\040\000a\000l\000u\000g\000a\000d\000o}{subsection.3.9.1}% 51
\BOOKMARK [3][-]{subsubsection.3.9.1.2}{\376\377\0003\000.\0009\000.\0001\000.\0002\000\040\000a\000u\000t\000o\000n\000o\000m\000i\000a}{subsection.3.9.1}% 52
\BOOKMARK [3][-]{subsubsection.3.9.1.3}{\376\377\0003\000.\0009\000.\0001\000.\0003\000\040\000c\000u\000s\000t\000o}{subsection.3.9.1}% 53
\BOOKMARK [3][-]{subsubsection.3.9.1.4}{\376\377\0003\000.\0009\000.\0001\000.\0004\000\040\000g\000e\000o\000c\000o\000d\000i\000g\000o}{subsection.3.9.1}% 54
\BOOKMARK [3][-]{subsubsection.3.9.1.5}{\376\377\0003\000.\0009\000.\0001\000.\0005\000\040\000i\000d}{subsection.3.9.1}% 55
\BOOKMARK [3][-]{subsubsection.3.9.1.6}{\376\377\0003\000.\0009\000.\0001\000.\0006\000\040\000l\000o\000c\000a\000l\000i\000z\000a\000c\000a\000o}{subsection.3.9.1}% 56
\BOOKMARK [3][-]{subsubsection.3.9.1.7}{\376\377\0003\000.\0009\000.\0001\000.\0007\000\040\000t\000i\000p\000o}{subsection.3.9.1}% 57
\BOOKMARK [1][-]{section.3.10}{\376\377\0003\000.\0001\0000\000\040\000M\000e\000i\000o\000s\000M\000o\000b\000i\000l\000i\000d\000a\000d\000e\000L\000i\000s\000t\000a\000\040\000S\000t\000r\000u\000c\000t\000\040\000R\000e\000f\000e\000r\000e\000n\000c\000e}{chapter.3}% 58
\BOOKMARK [2][-]{subsection.3.10.1}{\376\377\0003\000.\0001\0000\000.\0001\000\040\000M\000e\000m\000b\000e\000r\000\040\000D\000a\000t\000a\000\040\000D\000o\000c\000u\000m\000e\000n\000t\000a\000t\000i\000o\000n}{section.3.10}% 59
\BOOKMARK [3][-]{subsubsection.3.10.1.1}{\376\377\0003\000.\0001\0000\000.\0001\000.\0001\000\040\000m\000e\000i\000o\000M\000o\000b\000i\000l\000i\000d\000a\000d\000e}{subsection.3.10.1}% 60
\BOOKMARK [3][-]{subsubsection.3.10.1.2}{\376\377\0003\000.\0001\0000\000.\0001\000.\0002\000\040\000p\000r\000o\000x\000m\000e\000i\000o\000m\000o\000b\000i\000l\000i\000d\000a\000d\000e\000l\000i\000s\000t\000a}{subsection.3.10.1}% 61
\BOOKMARK [1][-]{section.3.11}{\376\377\0003\000.\0001\0001\000\040\000N\000o\000d\000e\000F\000i\000l\000a\000\040\000S\000t\000r\000u\000c\000t\000\040\000R\000e\000f\000e\000r\000e\000n\000c\000e}{chapter.3}% 62
\BOOKMARK [2][-]{subsection.3.11.1}{\376\377\0003\000.\0001\0001\000.\0001\000\040\000M\000e\000m\000b\000e\000r\000\040\000D\000a\000t\000a\000\040\000D\000o\000c\000u\000m\000e\000n\000t\000a\000t\000i\000o\000n}{section.3.11}% 63
\BOOKMARK [3][-]{subsubsection.3.11.1.1}{\376\377\0003\000.\0001\0001\000.\0001\000.\0001\000\040\000p\000r\000o\000x\000i\000m\000o}{subsection.3.11.1}% 64
\BOOKMARK [3][-]{subsubsection.3.11.1.2}{\376\377\0003\000.\0001\0001\000.\0001\000.\0002\000\040\000v\000e\000r\000t\000i\000c\000e}{subsection.3.11.1}% 65
\BOOKMARK [1][-]{section.3.12}{\376\377\0003\000.\0001\0002\000\040\000V\000e\000r\000t\000i\000c\000e\000\040\000S\000t\000r\000u\000c\000t\000\040\000R\000e\000f\000e\000r\000e\000n\000c\000e}{chapter.3}% 66
\BOOKMARK [2][-]{subsection.3.12.1}{\376\377\0003\000.\0001\0002\000.\0001\000\040\000M\000e\000m\000b\000e\000r\000\040\000D\000a\000t\000a\000\040\000D\000o\000c\000u\000m\000e\000n\000t\000a\000t\000i\000o\000n}{section.3.12}% 67
\BOOKMARK [3][-]{subsubsection.3.12.1.1}{\376\377\0003\000.\0001\0002\000.\0001\000.\0001\000\040\000a\000d\000j\000a\000c\000e\000n\000t\000e\000s}{subsection.3.12.1}% 68
\BOOKMARK [3][-]{subsubsection.3.12.1.2}{\376\377\0003\000.\0001\0002\000.\0001\000.\0002\000\040\000c\000i\000d\000a\000d\000e}{subsection.3.12.1}% 69
\BOOKMARK [3][-]{subsubsection.3.12.1.3}{\376\377\0003\000.\0001\0002\000.\0001\000.\0003\000\040\000d\000i\000s\000t\000a\000n\000c\000i\000a}{subsection.3.12.1}% 70
\BOOKMARK [3][-]{subsubsection.3.12.1.4}{\376\377\0003\000.\0001\0002\000.\0001\000.\0004\000\040\000i\000d\000v\000e\000r\000t\000i\000c\000e}{subsection.3.12.1}% 71
\BOOKMARK [3][-]{subsubsection.3.12.1.5}{\376\377\0003\000.\0001\0002\000.\0001\000.\0005\000\040\000n\000u\000m\000a\000d\000j\000a\000c\000e\000n\000t\000e\000s}{subsection.3.12.1}% 72
\BOOKMARK [3][-]{subsubsection.3.12.1.6}{\376\377\0003\000.\0001\0002\000.\0001\000.\0006\000\040\000p\000r\000e\000d\000e\000c\000e\000s\000s\000o\000r}{subsection.3.12.1}% 73
\BOOKMARK [3][-]{subsubsection.3.12.1.7}{\376\377\0003\000.\0001\0002\000.\0001\000.\0007\000\040\000p\000r\000o\000x\000i\000m\000o}{subsection.3.12.1}% 74
\BOOKMARK [3][-]{subsubsection.3.12.1.8}{\376\377\0003\000.\0001\0002\000.\0001\000.\0008\000\040\000v\000i\000s\000i\000t\000a\000d\000o}{subsection.3.12.1}% 75
\BOOKMARK [1][-]{section.3.13}{\376\377\0003\000.\0001\0003\000\040\000V\000e\000r\000t\000i\000c\000e\000F\000i\000l\000e\000\040\000S\000t\000r\000u\000c\000t\000\040\000R\000e\000f\000e\000r\000e\000n\000c\000e}{chapter.3}% 76
\BOOKMARK [2][-]{subsection.3.13.1}{\376\377\0003\000.\0001\0003\000.\0001\000\040\000M\000e\000m\000b\000e\000r\000\040\000D\000a\000t\000a\000\040\000D\000o\000c\000u\000m\000e\000n\000t\000a\000t\000i\000o\000n}{section.3.13}% 77
\BOOKMARK [3][-]{subsubsection.3.13.1.1}{\376\377\0003\000.\0001\0003\000.\0001\000.\0001\000\040\000c\000i\000d\000a\000d\000e}{subsection.3.13.1}% 78
\BOOKMARK [3][-]{subsubsection.3.13.1.2}{\376\377\0003\000.\0001\0003\000.\0001\000.\0002\000\040\000i\000d\000v\000e\000r\000t\000i\000c\000e}{subsection.3.13.1}% 79
\BOOKMARK [0][-]{chapter.4}{\376\377\0004\000\040\000F\000i\000l\000e\000\040\000D\000o\000c\000u\000m\000e\000n\000t\000a\000t\000i\000o\000n}{}% 80
\BOOKMARK [1][-]{section.4.1}{\376\377\0004\000.\0001\000\040\000C\000:\000/\000U\000s\000e\000r\000s\000/\000h\000u\000g\000o\0002\000/\000O\000n\000e\000D\000r\000i\000v\000e\000\040\000-\000\040\000I\000n\000s\000t\000i\000t\000u\000t\000o\000\040\000P\000o\000l\000i\000t\000\351\000c\000n\000i\000c\000o\000\040\000d\000o\000\040\000C\000\341\000v\000a\000d\000o\000\040\000e\000\040\000d\000o\000\040\000A\000v\000e\000/\000I\000P\000C\000A\000/\0001\000\272\000\040\000A\000N\000O\000\040\000L\000E\000S\000I\000/\0002\000\272\000\040\000S\000e\000m\000e\000s\000t\000r\000e\000/\000E\000s\000t\000r\000u\000t\000u\000r\000a\000s\000\040\000D\000a\000d\000o\000s\000\040\000A\000v\000a\000n\000\347\000a\000d\000a\000s\000/\000P\000r\000o\000j\000e\000t\000o\000E\000D\000A\000/\000P\000r\000o\000j\000e\000t\000o\000E\000D\000A\000/\000a\000l\000u\000g\000u\000e\000r\000e\000s\000.\000h\000\040\000F\000i\000l\000e\000\040\000R\000e\000f\000e\000r\000e\000n\000c\000e}{chapter.4}% 81
\BOOKMARK [2][-]{subsection.4.1.1}{\376\377\0004\000.\0001\000.\0001\000\040\000D\000e\000t\000a\000i\000l\000e\000d\000\040\000D\000e\000s\000c\000r\000i\000p\000t\000i\000o\000n}{section.4.1}% 82
\BOOKMARK [2][-]{subsection.4.1.2}{\376\377\0004\000.\0001\000.\0002\000\040\000T\000y\000p\000e\000d\000e\000f\000\040\000D\000o\000c\000u\000m\000e\000n\000t\000a\000t\000i\000o\000n}{section.4.1}% 83
\BOOKMARK [3][-]{subsubsection.4.1.2.1}{\376\377\0004\000.\0001\000.\0002\000.\0001\000\040\000A\000l\000u\000g\000u\000e\000r}{subsection.4.1.2}% 84
\BOOKMARK [3][-]{subsubsection.4.1.2.2}{\376\377\0004\000.\0001\000.\0002\000.\0002\000\040\000A\000l\000u\000g\000u\000e\000r\000L\000i\000s\000t\000a}{subsection.4.1.2}% 85
\BOOKMARK [3][-]{subsubsection.4.1.2.3}{\376\377\0004\000.\0001\000.\0002\000.\0003\000\040\000A\000l\000u\000g\000u\000e\000r\000L\000i\000s\000t\000a\000P\000t\000r}{subsection.4.1.2}% 86
\BOOKMARK [2][-]{subsection.4.1.3}{\376\377\0004\000.\0001\000.\0003\000\040\000F\000u\000n\000c\000t\000i\000o\000n\000\040\000D\000o\000c\000u\000m\000e\000n\000t\000a\000t\000i\000o\000n}{section.4.1}% 87
\BOOKMARK [3][-]{subsubsection.4.1.3.1}{\376\377\0004\000.\0001\000.\0003\000.\0001\000\040\000a\000d\000i\000c\000i\000o\000n\000a\000r\000A\000l\000u\000g\000u\000e\000r\000\050\000\051}{subsection.4.1.3}% 88
\BOOKMARK [3][-]{subsubsection.4.1.3.2}{\376\377\0004\000.\0001\000.\0003\000.\0002\000\040\000c\000a\000l\000c\000u\000l\000a\000r\000C\000u\000s\000t\000o\000A\000l\000u\000g\000u\000e\000r\000\050\000\051}{subsection.4.1.3}% 89
\BOOKMARK [3][-]{subsubsection.4.1.3.3}{\376\377\0004\000.\0001\000.\0003\000.\0003\000\040\000g\000u\000a\000r\000d\000a\000r\000B\000a\000c\000k\000u\000p\000A\000l\000u\000g\000u\000e\000r\000e\000s\000\050\000\051}{subsection.4.1.3}% 90
\BOOKMARK [3][-]{subsubsection.4.1.3.4}{\376\377\0004\000.\0001\000.\0003\000.\0004\000\040\000i\000n\000s\000e\000r\000i\000r\000A\000l\000u\000g\000u\000e\000r\000L\000i\000s\000t\000a\000\050\000\051}{subsection.4.1.3}% 91
\BOOKMARK [3][-]{subsubsection.4.1.3.5}{\376\377\0004\000.\0001\000.\0003\000.\0005\000\040\000l\000e\000r\000A\000l\000u\000g\000u\000e\000r\000e\000s\000B\000i\000n\000\050\000\051}{subsection.4.1.3}% 92
\BOOKMARK [3][-]{subsubsection.4.1.3.6}{\376\377\0004\000.\0001\000.\0003\000.\0006\000\040\000l\000i\000s\000t\000a\000r\000A\000l\000u\000g\000u\000e\000r\000e\000s\000\050\000\051}{subsection.4.1.3}% 93
\BOOKMARK [3][-]{subsubsection.4.1.3.7}{\376\377\0004\000.\0001\000.\0003\000.\0007\000\040\000n\000o\000v\000o\000A\000l\000u\000g\000u\000e\000r\000\050\000\051}{subsection.4.1.3}% 94
\BOOKMARK [3][-]{subsubsection.4.1.3.8}{\376\377\0004\000.\0001\000.\0003\000.\0008\000\040\000t\000i\000m\000e\000T\000o\000S\000t\000r\000i\000n\000g\000\050\000\051}{subsection.4.1.3}% 95
\BOOKMARK [3][-]{subsubsection.4.1.3.9}{\376\377\0004\000.\0001\000.\0003\000.\0009\000\040\000v\000e\000r\000i\000f\000i\000c\000a\000r\000E\000s\000t\000a\000d\000o\000M\000e\000i\000o\000M\000o\000b\000i\000l\000i\000d\000a\000d\000e\000\050\000\051}{subsection.4.1.3}% 96
\BOOKMARK [3][-]{subsubsection.4.1.3.10}{\376\377\0004\000.\0001\000.\0003\000.\0001\0000\000\040\000v\000e\000r\000i\000f\000i\000c\000a\000r\000S\000a\000l\000d\000o\000C\000l\000i\000e\000n\000t\000e\000\050\000\051}{subsection.4.1.3}% 97
\BOOKMARK [1][-]{section.4.2}{\376\377\0004\000.\0002\000\040\000a\000l\000u\000g\000u\000e\000r\000e\000s\000.\000h}{chapter.4}% 98
\BOOKMARK [1][-]{section.4.3}{\376\377\0004\000.\0003\000\040\000C\000:\000/\000U\000s\000e\000r\000s\000/\000h\000u\000g\000o\0002\000/\000O\000n\000e\000D\000r\000i\000v\000e\000\040\000-\000\040\000I\000n\000s\000t\000i\000t\000u\000t\000o\000\040\000P\000o\000l\000i\000t\000\351\000c\000n\000i\000c\000o\000\040\000d\000o\000\040\000C\000\341\000v\000a\000d\000o\000\040\000e\000\040\000d\000o\000\040\000A\000v\000e\000/\000I\000P\000C\000A\000/\0001\000\272\000\040\000A\000N\000O\000\040\000L\000E\000S\000I\000/\0002\000\272\000\040\000S\000e\000m\000e\000s\000t\000r\000e\000/\000E\000s\000t\000r\000u\000t\000u\000r\000a\000s\000\040\000D\000a\000d\000o\000s\000\040\000A\000v\000a\000n\000\347\000a\000d\000a\000s\000/\000P\000r\000o\000j\000e\000t\000o\000E\000D\000A\000/\000P\000r\000o\000j\000e\000t\000o\000E\000D\000A\000/\000c\000a\000m\000i\000a\000o\000.\000h\000\040\000F\000i\000l\000e\000\040\000R\000e\000f\000e\000r\000e\000n\000c\000e}{chapter.4}% 99
\BOOKMARK [2][-]{subsection.4.3.1}{\376\377\0004\000.\0003\000.\0001\000\040\000D\000e\000t\000a\000i\000l\000e\000d\000\040\000D\000e\000s\000c\000r\000i\000p\000t\000i\000o\000n}{section.4.3}% 100
\BOOKMARK [2][-]{subsection.4.3.2}{\376\377\0004\000.\0003\000.\0002\000\040\000T\000y\000p\000e\000d\000e\000f\000\040\000D\000o\000c\000u\000m\000e\000n\000t\000a\000t\000i\000o\000n}{section.4.3}% 101
\BOOKMARK [3][-]{subsubsection.4.3.2.1}{\376\377\0004\000.\0003\000.\0002\000.\0001\000\040\000C\000a\000m\000i\000a\000o}{subsection.4.3.2}% 102
\BOOKMARK [2][-]{subsection.4.3.3}{\376\377\0004\000.\0003\000.\0003\000\040\000F\000u\000n\000c\000t\000i\000o\000n\000\040\000D\000o\000c\000u\000m\000e\000n\000t\000a\000t\000i\000o\000n}{section.4.3}% 103
\BOOKMARK [3][-]{subsubsection.4.3.3.1}{\376\377\0004\000.\0003\000.\0003\000.\0001\000\040\000c\000o\000n\000t\000a\000r\000M\000e\000i\000o\000s\000M\000o\000b\000i\000l\000i\000d\000a\000d\000e\000\050\000\051}{subsection.4.3.3}% 104
\BOOKMARK [3][-]{subsubsection.4.3.3.2}{\376\377\0004\000.\0003\000.\0003\000.\0002\000\040\000c\000r\000i\000a\000r\000C\000a\000m\000i\000a\000o\000\050\000\051}{subsection.4.3.3}% 105
\BOOKMARK [3][-]{subsubsection.4.3.3.3}{\376\377\0004\000.\0003\000.\0003\000.\0003\000\040\000d\000e\000s\000t\000r\000u\000i\000r\000C\000a\000m\000i\000a\000o\000\050\000\051}{subsection.4.3.3}% 106
\BOOKMARK [3][-]{subsubsection.4.3.3.4}{\376\377\0004\000.\0003\000.\0003\000.\0004\000\040\000i\000m\000p\000r\000i\000m\000i\000r\000C\000a\000m\000i\000a\000o\000\050\000\051}{subsection.4.3.3}% 107
\BOOKMARK [3][-]{subsubsection.4.3.3.5}{\376\377\0004\000.\0003\000.\0003\000.\0005\000\040\000r\000e\000c\000o\000l\000h\000e\000r\000M\000o\000b\000i\000l\000i\000d\000a\000d\000e\000E\000l\000e\000t\000r\000i\000c\000a\000\050\000\051}{subsection.4.3.3}% 108
\BOOKMARK [1][-]{section.4.4}{\376\377\0004\000.\0004\000\040\000c\000a\000m\000i\000a\000o\000.\000h}{chapter.4}% 109
\BOOKMARK [1][-]{section.4.5}{\376\377\0004\000.\0005\000\040\000C\000:\000/\000U\000s\000e\000r\000s\000/\000h\000u\000g\000o\0002\000/\000O\000n\000e\000D\000r\000i\000v\000e\000\040\000-\000\040\000I\000n\000s\000t\000i\000t\000u\000t\000o\000\040\000P\000o\000l\000i\000t\000\351\000c\000n\000i\000c\000o\000\040\000d\000o\000\040\000C\000\341\000v\000a\000d\000o\000\040\000e\000\040\000d\000o\000\040\000A\000v\000e\000/\000I\000P\000C\000A\000/\0001\000\272\000\040\000A\000N\000O\000\040\000L\000E\000S\000I\000/\0002\000\272\000\040\000S\000e\000m\000e\000s\000t\000r\000e\000/\000E\000s\000t\000r\000u\000t\000u\000r\000a\000s\000\040\000D\000a\000d\000o\000s\000\040\000A\000v\000a\000n\000\347\000a\000d\000a\000s\000/\000P\000r\000o\000j\000e\000t\000o\000E\000D\000A\000/\000P\000r\000o\000j\000e\000t\000o\000E\000D\000A\000/\000c\000l\000i\000e\000n\000t\000e\000s\000.\000h\000\040\000F\000i\000l\000e\000\040\000R\000e\000f\000e\000r\000e\000n\000c\000e}{chapter.4}% 110
\BOOKMARK [2][-]{subsection.4.5.1}{\376\377\0004\000.\0005\000.\0001\000\040\000D\000e\000t\000a\000i\000l\000e\000d\000\040\000D\000e\000s\000c\000r\000i\000p\000t\000i\000o\000n}{section.4.5}% 111
\BOOKMARK [2][-]{subsection.4.5.2}{\376\377\0004\000.\0005\000.\0002\000\040\000M\000a\000c\000r\000o\000\040\000D\000e\000f\000i\000n\000i\000t\000i\000o\000n\000\040\000D\000o\000c\000u\000m\000e\000n\000t\000a\000t\000i\000o\000n}{section.4.5}% 112
\BOOKMARK [3][-]{subsubsection.4.5.2.1}{\376\377\0004\000.\0005\000.\0002\000.\0001\000\040\000T\000A\000M\000\137\000E\000N\000D}{subsection.4.5.2}% 113
\BOOKMARK [3][-]{subsubsection.4.5.2.2}{\376\377\0004\000.\0005\000.\0002\000.\0002\000\040\000T\000A\000M\000\137\000G\000E\000O\000C\000L\000I\000E\000N\000T\000E}{subsection.4.5.2}% 114
\BOOKMARK [3][-]{subsubsection.4.5.2.3}{\376\377\0004\000.\0005\000.\0002\000.\0003\000\040\000T\000A\000M\000\137\000N\000O\000M\000E}{subsection.4.5.2}% 115
\BOOKMARK [2][-]{subsection.4.5.3}{\376\377\0004\000.\0005\000.\0003\000\040\000T\000y\000p\000e\000d\000e\000f\000\040\000D\000o\000c\000u\000m\000e\000n\000t\000a\000t\000i\000o\000n}{section.4.5}% 116
\BOOKMARK [3][-]{subsubsection.4.5.3.1}{\376\377\0004\000.\0005\000.\0003\000.\0001\000\040\000C\000l\000i\000e\000n\000t\000e}{subsection.4.5.3}% 117
\BOOKMARK [3][-]{subsubsection.4.5.3.2}{\376\377\0004\000.\0005\000.\0003\000.\0002\000\040\000C\000l\000i\000e\000n\000t\000e\000L\000i\000s\000t\000a}{subsection.4.5.3}% 118
\BOOKMARK [3][-]{subsubsection.4.5.3.3}{\376\377\0004\000.\0005\000.\0003\000.\0003\000\040\000C\000l\000i\000e\000n\000t\000e\000L\000i\000s\000t\000a\000P\000t\000r}{subsection.4.5.3}% 119
\BOOKMARK [2][-]{subsection.4.5.4}{\376\377\0004\000.\0005\000.\0004\000\040\000F\000u\000n\000c\000t\000i\000o\000n\000\040\000D\000o\000c\000u\000m\000e\000n\000t\000a\000t\000i\000o\000n}{section.4.5}% 120
\BOOKMARK [3][-]{subsubsection.4.5.4.1}{\376\377\0004\000.\0005\000.\0004\000.\0001\000\040\000a\000d\000i\000c\000i\000o\000n\000a\000r\000C\000l\000i\000e\000n\000t\000e\000\050\000\051}{subsection.4.5.4}% 121
\BOOKMARK [3][-]{subsubsection.4.5.4.2}{\376\377\0004\000.\0005\000.\0004\000.\0002\000\040\000a\000l\000t\000e\000r\000a\000r\000C\000l\000i\000e\000n\000t\000e\000\050\000\051}{subsection.4.5.4}% 122
\BOOKMARK [3][-]{subsubsection.4.5.4.3}{\376\377\0004\000.\0005\000.\0004\000.\0003\000\040\000a\000l\000t\000e\000r\000a\000r\000E\000n\000d\000e\000r\000e\000c\000o\000C\000l\000i\000e\000n\000t\000e\000\050\000\051}{subsection.4.5.4}% 123
\BOOKMARK [3][-]{subsubsection.4.5.4.4}{\376\377\0004\000.\0005\000.\0004\000.\0004\000\040\000a\000l\000t\000e\000r\000a\000r\000G\000e\000o\000c\000o\000d\000i\000g\000o\000C\000l\000i\000e\000n\000t\000e\000\050\000\051}{subsection.4.5.4}% 124
\BOOKMARK [3][-]{subsubsection.4.5.4.5}{\376\377\0004\000.\0005\000.\0004\000.\0005\000\040\000a\000l\000t\000e\000r\000a\000r\000L\000o\000c\000a\000l\000i\000z\000a\000c\000a\000o\000C\000l\000i\000e\000n\000t\000e\000\050\000\051}{subsection.4.5.4}% 125
\BOOKMARK [3][-]{subsubsection.4.5.4.6}{\376\377\0004\000.\0005\000.\0004\000.\0006\000\040\000a\000l\000t\000e\000r\000a\000r\000N\000o\000m\000e\000C\000l\000i\000e\000n\000t\000e\000\050\000\051}{subsection.4.5.4}% 126
\BOOKMARK [3][-]{subsubsection.4.5.4.7}{\376\377\0004\000.\0005\000.\0004\000.\0007\000\040\000a\000l\000t\000e\000r\000a\000r\000S\000a\000l\000d\000o\000C\000l\000i\000e\000n\000t\000e\000\050\000\051}{subsection.4.5.4}% 127
\BOOKMARK [3][-]{subsubsection.4.5.4.8}{\376\377\0004\000.\0005\000.\0004\000.\0008\000\040\000e\000s\000c\000r\000e\000v\000e\000r\000C\000l\000i\000e\000n\000t\000e\000s\000C\000S\000V\000\050\000\051}{subsection.4.5.4}% 128
\BOOKMARK [3][-]{subsubsection.4.5.4.9}{\376\377\0004\000.\0005\000.\0004\000.\0009\000\040\000g\000u\000a\000r\000d\000a\000r\000B\000a\000c\000k\000u\000p\000C\000l\000i\000e\000n\000t\000e\000s\000\050\000\051}{subsection.4.5.4}% 129
\BOOKMARK [3][-]{subsubsection.4.5.4.10}{\376\377\0004\000.\0005\000.\0004\000.\0001\0000\000\040\000l\000e\000r\000C\000l\000i\000e\000n\000t\000e\000s\000B\000i\000n\000\050\000\051}{subsection.4.5.4}% 130
\BOOKMARK [3][-]{subsubsection.4.5.4.11}{\376\377\0004\000.\0005\000.\0004\000.\0001\0001\000\040\000l\000e\000r\000C\000l\000i\000e\000n\000t\000e\000s\000C\000S\000V\000\050\000\051}{subsection.4.5.4}% 131
\BOOKMARK [3][-]{subsubsection.4.5.4.12}{\376\377\0004\000.\0005\000.\0004\000.\0001\0002\000\040\000l\000i\000b\000e\000r\000t\000a\000r\000C\000l\000i\000e\000n\000t\000e\000s\000L\000i\000s\000t\000a\000\050\000\051}{subsection.4.5.4}% 132
\BOOKMARK [3][-]{subsubsection.4.5.4.13}{\376\377\0004\000.\0005\000.\0004\000.\0001\0003\000\040\000l\000i\000s\000t\000a\000r\000C\000l\000i\000e\000n\000t\000e\000s\000\050\000\051}{subsection.4.5.4}% 133
\BOOKMARK [3][-]{subsubsection.4.5.4.14}{\376\377\0004\000.\0005\000.\0004\000.\0001\0004\000\040\000n\000o\000v\000o\000C\000l\000i\000e\000n\000t\000e\000\050\000\051}{subsection.4.5.4}% 134
\BOOKMARK [3][-]{subsubsection.4.5.4.15}{\376\377\0004\000.\0005\000.\0004\000.\0001\0005\000\040\000p\000e\000s\000q\000u\000i\000s\000a\000r\000C\000l\000i\000e\000n\000t\000e\000\050\000\051}{subsection.4.5.4}% 135
\BOOKMARK [3][-]{subsubsection.4.5.4.16}{\376\377\0004\000.\0005\000.\0004\000.\0001\0006\000\040\000r\000e\000m\000o\000v\000e\000r\000C\000l\000i\000e\000n\000t\000e\000\050\000\051}{subsection.4.5.4}% 136
\BOOKMARK [1][-]{section.4.6}{\376\377\0004\000.\0006\000\040\000c\000l\000i\000e\000n\000t\000e\000s\000.\000h}{chapter.4}% 137
\BOOKMARK [1][-]{section.4.7}{\376\377\0004\000.\0007\000\040\000C\000:\000/\000U\000s\000e\000r\000s\000/\000h\000u\000g\000o\0002\000/\000O\000n\000e\000D\000r\000i\000v\000e\000\040\000-\000\040\000I\000n\000s\000t\000i\000t\000u\000t\000o\000\040\000P\000o\000l\000i\000t\000\351\000c\000n\000i\000c\000o\000\040\000d\000o\000\040\000C\000\341\000v\000a\000d\000o\000\040\000e\000\040\000d\000o\000\040\000A\000v\000e\000/\000I\000P\000C\000A\000/\0001\000\272\000\040\000A\000N\000O\000\040\000L\000E\000S\000I\000/\0002\000\272\000\040\000S\000e\000m\000e\000s\000t\000r\000e\000/\000E\000s\000t\000r\000u\000t\000u\000r\000a\000s\000\040\000D\000a\000d\000o\000s\000\040\000A\000v\000a\000n\000\347\000a\000d\000a\000s\000/\000P\000r\000o\000j\000e\000t\000o\000E\000D\000A\000/\000P\000r\000o\000j\000e\000t\000o\000E\000D\000A\000/\000d\000a\000d\000o\000s\000.\000c\000\040\000F\000i\000l\000e\000\040\000R\000e\000f\000e\000r\000e\000n\000c\000e}{chapter.4}% 138
\BOOKMARK [2][-]{subsection.4.7.1}{\376\377\0004\000.\0007\000.\0001\000\040\000D\000e\000t\000a\000i\000l\000e\000d\000\040\000D\000e\000s\000c\000r\000i\000p\000t\000i\000o\000n}{section.4.7}% 139
\BOOKMARK [1][-]{section.4.8}{\376\377\0004\000.\0008\000\040\000C\000:\000/\000U\000s\000e\000r\000s\000/\000h\000u\000g\000o\0002\000/\000O\000n\000e\000D\000r\000i\000v\000e\000\040\000-\000\040\000I\000n\000s\000t\000i\000t\000u\000t\000o\000\040\000P\000o\000l\000i\000t\000\351\000c\000n\000i\000c\000o\000\040\000d\000o\000\040\000C\000\341\000v\000a\000d\000o\000\040\000e\000\040\000d\000o\000\040\000A\000v\000e\000/\000I\000P\000C\000A\000/\0001\000\272\000\040\000A\000N\000O\000\040\000L\000E\000S\000I\000/\0002\000\272\000\040\000S\000e\000m\000e\000s\000t\000r\000e\000/\000E\000s\000t\000r\000u\000t\000u\000r\000a\000s\000\040\000D\000a\000d\000o\000s\000\040\000A\000v\000a\000n\000\347\000a\000d\000a\000s\000/\000P\000r\000o\000j\000e\000t\000o\000E\000D\000A\000/\000P\000r\000o\000j\000e\000t\000o\000E\000D\000A\000/\000f\000a\000l\000u\000g\000u\000e\000r\000e\000s\000.\000c\000\040\000F\000i\000l\000e\000\040\000R\000e\000f\000e\000r\000e\000n\000c\000e}{chapter.4}% 140
\BOOKMARK [2][-]{subsection.4.8.1}{\376\377\0004\000.\0008\000.\0001\000\040\000D\000e\000t\000a\000i\000l\000e\000d\000\040\000D\000e\000s\000c\000r\000i\000p\000t\000i\000o\000n}{section.4.8}% 141
\BOOKMARK [2][-]{subsection.4.8.2}{\376\377\0004\000.\0008\000.\0002\000\040\000F\000u\000n\000c\000t\000i\000o\000n\000\040\000D\000o\000c\000u\000m\000e\000n\000t\000a\000t\000i\000o\000n}{section.4.8}% 142
\BOOKMARK [3][-]{subsubsection.4.8.2.1}{\376\377\0004\000.\0008\000.\0002\000.\0001\000\040\000a\000d\000i\000c\000i\000o\000n\000a\000r\000A\000l\000u\000g\000u\000e\000r\000\050\000\051}{subsection.4.8.2}% 143
\BOOKMARK [3][-]{subsubsection.4.8.2.2}{\376\377\0004\000.\0008\000.\0002\000.\0002\000\040\000c\000a\000l\000c\000u\000l\000a\000r\000C\000u\000s\000t\000o\000A\000l\000u\000g\000u\000e\000r\000\050\000\051}{subsection.4.8.2}% 144
\BOOKMARK [3][-]{subsubsection.4.8.2.3}{\376\377\0004\000.\0008\000.\0002\000.\0003\000\040\000i\000n\000s\000e\000r\000i\000r\000A\000l\000u\000g\000u\000e\000r\000L\000i\000s\000t\000a\000\050\000\051}{subsection.4.8.2}% 145
\BOOKMARK [3][-]{subsubsection.4.8.2.4}{\376\377\0004\000.\0008\000.\0002\000.\0004\000\040\000l\000i\000s\000t\000a\000r\000A\000l\000u\000g\000u\000e\000r\000e\000s\000\050\000\051}{subsection.4.8.2}% 146
\BOOKMARK [3][-]{subsubsection.4.8.2.5}{\376\377\0004\000.\0008\000.\0002\000.\0005\000\040\000n\000o\000v\000o\000A\000l\000u\000g\000u\000e\000r\000\050\000\051}{subsection.4.8.2}% 147
\BOOKMARK [3][-]{subsubsection.4.8.2.6}{\376\377\0004\000.\0008\000.\0002\000.\0006\000\040\000t\000i\000m\000e\000T\000o\000S\000t\000r\000i\000n\000g\000\050\000\051}{subsection.4.8.2}% 148
\BOOKMARK [3][-]{subsubsection.4.8.2.7}{\376\377\0004\000.\0008\000.\0002\000.\0007\000\040\000v\000e\000r\000i\000f\000i\000c\000a\000r\000E\000s\000t\000a\000d\000o\000M\000e\000i\000o\000M\000o\000b\000i\000l\000i\000d\000a\000d\000e\000\050\000\051}{subsection.4.8.2}% 149
\BOOKMARK [3][-]{subsubsection.4.8.2.8}{\376\377\0004\000.\0008\000.\0002\000.\0008\000\040\000v\000e\000r\000i\000f\000i\000c\000a\000r\000S\000a\000l\000d\000o\000C\000l\000i\000e\000n\000t\000e\000\050\000\051}{subsection.4.8.2}% 150
\BOOKMARK [1][-]{section.4.9}{\376\377\0004\000.\0009\000\040\000C\000:\000/\000U\000s\000e\000r\000s\000/\000h\000u\000g\000o\0002\000/\000O\000n\000e\000D\000r\000i\000v\000e\000\040\000-\000\040\000I\000n\000s\000t\000i\000t\000u\000t\000o\000\040\000P\000o\000l\000i\000t\000\351\000c\000n\000i\000c\000o\000\040\000d\000o\000\040\000C\000\341\000v\000a\000d\000o\000\040\000e\000\040\000d\000o\000\040\000A\000v\000e\000/\000I\000P\000C\000A\000/\0001\000\272\000\040\000A\000N\000O\000\040\000L\000E\000S\000I\000/\0002\000\272\000\040\000S\000e\000m\000e\000s\000t\000r\000e\000/\000E\000s\000t\000r\000u\000t\000u\000r\000a\000s\000\040\000D\000a\000d\000o\000s\000\040\000A\000v\000a\000n\000\347\000a\000d\000a\000s\000/\000P\000r\000o\000j\000e\000t\000o\000E\000D\000A\000/\000P\000r\000o\000j\000e\000t\000o\000E\000D\000A\000/\000f\000c\000a\000m\000i\000a\000o\000.\000c\000\040\000F\000i\000l\000e\000\040\000R\000e\000f\000e\000r\000e\000n\000c\000e}{chapter.4}% 151
\BOOKMARK [2][-]{subsection.4.9.1}{\376\377\0004\000.\0009\000.\0001\000\040\000D\000e\000t\000a\000i\000l\000e\000d\000\040\000D\000e\000s\000c\000r\000i\000p\000t\000i\000o\000n}{section.4.9}% 152
\BOOKMARK [2][-]{subsection.4.9.2}{\376\377\0004\000.\0009\000.\0002\000\040\000F\000u\000n\000c\000t\000i\000o\000n\000\040\000D\000o\000c\000u\000m\000e\000n\000t\000a\000t\000i\000o\000n}{section.4.9}% 153
\BOOKMARK [3][-]{subsubsection.4.9.2.1}{\376\377\0004\000.\0009\000.\0002\000.\0001\000\040\000c\000o\000n\000t\000a\000r\000M\000e\000i\000o\000s\000M\000o\000b\000i\000l\000i\000d\000a\000d\000e\000\050\000\051}{subsection.4.9.2}% 154
\BOOKMARK [3][-]{subsubsection.4.9.2.2}{\376\377\0004\000.\0009\000.\0002\000.\0002\000\040\000c\000r\000i\000a\000r\000C\000a\000m\000i\000a\000o\000\050\000\051}{subsection.4.9.2}% 155
\BOOKMARK [3][-]{subsubsection.4.9.2.3}{\376\377\0004\000.\0009\000.\0002\000.\0003\000\040\000d\000e\000s\000t\000r\000u\000i\000r\000C\000a\000m\000i\000a\000o\000\050\000\051}{subsection.4.9.2}% 156
\BOOKMARK [3][-]{subsubsection.4.9.2.4}{\376\377\0004\000.\0009\000.\0002\000.\0004\000\040\000i\000m\000p\000r\000i\000m\000i\000r\000C\000a\000m\000i\000a\000o\000\050\000\051}{subsection.4.9.2}% 157
\BOOKMARK [3][-]{subsubsection.4.9.2.5}{\376\377\0004\000.\0009\000.\0002\000.\0005\000\040\000r\000e\000c\000o\000l\000h\000e\000r\000M\000o\000b\000i\000l\000i\000d\000a\000d\000e\000E\000l\000e\000t\000r\000i\000c\000a\000\050\000\051}{subsection.4.9.2}% 158
